  Actor.cpp
  Aircraft.cpp
  Application.cpp
D:\Studies\C++\FlappyTurtleProject\game-AndyNguyen-byte-zombies\GexGame\Application.cpp(13,33): warning C4244: 'argument': conversion from 'float' to 'unsigned int', possible loss of data
D:\Studies\C++\FlappyTurtleProject\game-AndyNguyen-byte-zombies\GexGame\Application.cpp(13,25): warning C4244: 'argument': conversion from 'float' to 'unsigned int', possible loss of data
  DataTables.cpp
  Frog.cpp
  GameOverState.cpp
  GameState.cpp
  Ground.cpp
  Lilypad.cpp
  ParticleNode.cpp
  Pickup.cpp
  Pillar.cpp
  PlayerControl.cpp
  Projectile.cpp
  RiverEnitites.cpp
  Sharks.cpp
  Turtle.cpp
  Vehicles.cpp
  World.cpp
D:\Studies\C++\FlappyTurtleProject\game-AndyNguyen-byte-zombies\GexGame\World.cpp(108,9): warning C4804: '<=': unsafe use of type 'bool' in operation
D:\Studies\C++\FlappyTurtleProject\game-AndyNguyen-byte-zombies\GexGame\World.cpp(247,43): warning C4244: 'argument': conversion from 'int' to 'float', possible loss of data
  Generating Code...
  GexGame.vcxproj -> D:\Studies\C++\FlappyTurtleProject\game-AndyNguyen-byte-zombies\x64\Debug\GexGame.exe
